<?xml version="1.0" encoding="UTF-8" ?>
<testsuite tests="3" failures="0" name="com.tsj.oj.guava_use.GuavaPerconditionTest" time="0.055" errors="0" skipped="0">
  <properties>
[...]
</properties>
  <testcase classname="com.tsj.oj.guava_use.GuavaPerconditionTest" name="testSqrtNeg" time="0.021"/>
  <testcase classname="com.tsj.oj.guava_use.GuavaPerconditionTest" name="testSumNull" time="0.018"/>
  <testcase classname="com.tsj.oj.guava_use.GuavaPerconditionTest" name="testGetValueOutOfBound" time="0.016"/>
</testsuite>